2023-08-08 08:02:23 - Neovide panicked with the message 'Could not parse error code from neovim'. (File: src\bridge\handler.rs; Line: 85, Column: 22)
   0: <unknown>
   1: <unknown>
   2: <unknown>
   3: <unknown>
   4: <unknown>
   5: <unknown>
   6: <unknown>
   7: <unknown>
   8: <unknown>
   9: <unknown>
  10: <unknown>
  11: <unknown>
  12: <unknown>
  13: <unknown>
  14: <unknown>
  15: <unknown>
  16: BaseThreadInitThunk
  17: RtlUserThreadStart

2023-08-08 08:05:56 - Neovide panicked with the message 'Could not parse error code from neovim'. (File: src\bridge\handler.rs; Line: 85, Column: 22)
   0: <unknown>
   1: <unknown>
   2: <unknown>
   3: <unknown>
   4: <unknown>
   5: <unknown>
   6: <unknown>
   7: <unknown>
   8: <unknown>
   9: <unknown>
  10: <unknown>
  11: <unknown>
  12: <unknown>
  13: <unknown>
  14: <unknown>
  15: <unknown>
  16: BaseThreadInitThunk
  17: RtlUserThreadStart

